The CXX compiler identification could not be found in "D:/git_projects/DBProject113b/build/CMakeFiles/3.13.1/CompilerIdCXX/a.exe"

Detecting CXX compiler ABI info failed to compile with the following output:
Change Dir: D:/git_projects/DBProject113b/build/CMakeFiles/CMakeTmp

Run Build Command:"C:/MinGW/bin/mingw32-make.exe" "cmTC_f667e/fast"
C:/MinGW/bin/mingw32-make.exe -f CMakeFiles\cmTC_f667e.dir\build.make CMakeFiles/cmTC_f667e.dir/build
mingw32-make.exe[1]: Entering directory 'D:/git_projects/DBProject113b/build/CMakeFiles/CMakeTmp'
Building CXX object CMakeFiles/cmTC_f667e.dir/CMakeCXXCompilerABI.cpp.obj
C:\MinGW\bin\g++.exe     -o CMakeFiles\cmTC_f667e.dir\CMakeCXXCompilerABI.cpp.obj -c "C:\Program Files\CMake\share\cmake-3.13\Modules\CMakeCXXCompilerABI.cpp"
Linking CXX executable cmTC_f667e.exe
"C:\Program Files\CMake\bin\cmake.exe" -E cmake_link_script CMakeFiles\cmTC_f667e.dir\link.txt --verbose=1
"C:\Program Files\CMake\bin\cmake.exe" -E remove -f CMakeFiles\cmTC_f667e.dir/objects.a
C:\MinGW\bin\ar.exe cr CMakeFiles\cmTC_f667e.dir/objects.a @CMakeFiles\cmTC_f667e.dir\objects1.rsp
C:\MinGW\bin\g++.exe     -v -Wl,--whole-archive CMakeFiles\cmTC_f667e.dir/objects.a -Wl,--no-whole-archive  -o cmTC_f667e.exe -Wl,--out-implib,libcmTC_f667e.dll.a -Wl,--major-image-version,0,--minor-image-version,0 
Using built-in specs.
COLLECT_GCC=C:\MinGW\bin\g++.exe
COLLECT_LTO_WRAPPER=c:/mingw/bin/../libexec/gcc/mingw32/6.3.0/lto-wrapper.exe
Target: mingw32
Configured with: ../src/gcc-6.3.0/configure --build=x86_64-pc-linux-gnu --host=mingw32 --with-gmp=/mingw --with-mpfr=/mingw --with-mpc=/mingw --with-isl=/mingw --prefix=/mingw --disable-win32-registry --target=mingw32 --with-arch=i586 --enable-languages=c,c++,objc,obj-c++,fortran,ada --with-pkgversion='MinGW.org GCC-6.3.0-1' --enable-static --enable-shared --enable-threads --with-dwarf2 --disable-sjlj-exceptions --enable-version-specific-runtime-libs --with-libiconv-prefix=/mingw --with-libintl-prefix=/mingw --enable-libstdcxx-debug --with-tune=generic --enable-libgomp --disable-libvtv --enable-nls
Thread model: win32
gcc version 6.3.0 (MinGW.org GCC-6.3.0-1) 
COMPILER_PATH=c:/mingw/bin/../libexec/gcc/mingw32/6.3.0/;c:/mingw/bin/../libexec/gcc/;c:/mingw/bin/../lib/gcc/mingw32/6.3.0/../../../../mingw32/bin/
LIBRARY_PATH=c:/mingw/bin/../lib/gcc/mingw32/6.3.0/;c:/mingw/bin/../lib/gcc/;c:/mingw/bin/../lib/gcc/mingw32/6.3.0/../../../../mingw32/lib/;c:/mingw/bin/../lib/gcc/mingw32/6.3.0/../../../
COLLECT_GCC_OPTIONS='-v' '-o' 'cmTC_f667e.exe' '-shared-libgcc' '-mtune=generic' '-march=i586'
 c:/mingw/bin/../libexec/gcc/mingw32/6.3.0/collect2.exe -plugin c:/mingw/bin/../libexec/gcc/mingw32/6.3.0/liblto_plugin-0.dll -plugin-opt=c:/mingw/bin/../libexec/gcc/mingw32/6.3.0/lto-wrapper.exe -plugin-opt=-fresolution=C:\Users\justwe\AppData\Local\Temp\ccHAvWjo.res -plugin-opt=-pass-through=-lmingw32 -plugin-opt=-pass-through=-lgcc_s -plugin-opt=-pass-through=-lgcc -plugin-opt=-pass-through=-lmoldname -plugin-opt=-pass-through=-lmingwex -plugin-opt=-pass-through=-lmsvcrt -plugin-opt=-pass-through=-ladvapi32 -plugin-opt=-pass-through=-lshell32 -plugin-opt=-pass-through=-luser32 -plugin-opt=-pass-through=-lkernel32 -plugin-opt=-pass-through=-lmingw32 -plugin-opt=-pass-through=-lgcc_s -plugin-opt=-pass-through=-lgcc -plugin-opt=-pass-through=-lmoldname -plugin-opt=-pass-through=-lmingwex -plugin-opt=-pass-through=-lmsvcrt -Bdynamic -u ___register_frame_info -u ___deregister_frame_info -o cmTC_f667e.exe c:/mingw/bin/../lib/gcc/mingw32/6.3.0/../../../crt2.o c:/mingw/bin/../lib/gcc/mingw32/6.3.0/crtbegin.o -Lc:/mingw/bin/../lib/gcc/mingw32/6.3.0 -Lc:/mingw/bin/../lib/gcc -Lc:/mingw/bin/../lib/gcc/mingw32/6.3.0/../../../../mingw32/lib -Lc:/mingw/bin/../lib/gcc/mingw32/6.3.0/../../.. --whole-archive CMakeFiles\cmTC_f667e.dir/objects.a --no-whole-archive --out-implib libcmTC_f667e.dll.a --major-image-version 0 --minor-image-version 0 -lstdc++ -lmingw32 -lgcc_s -lgcc -lmoldname -lmingwex -lmsvcrt -ladvapi32 -lshell32 -luser32 -lkernel32 -lmingw32 -lgcc_s -lgcc -lmoldname -lmingwex -lmsvcrt c:/mingw/bin/../lib/gcc/mingw32/6.3.0/crtend.o
COLLECT_GCC_OPTIONS='-v' '-o' 'cmTC_f667e.exe' '-shared-libgcc' '-mtune=generic' '-march=i586'
mingw32-make.exe[1]: Leaving directory 'D:/git_projects/DBProject113b/build/CMakeFiles/CMakeTmp'

Cannot copy output executable
  'D:/git_projects/DBProject113b/build/CMakeFiles/CMakeTmp/cmTC_f667e.exe'
to destination specified by COPY_FILE:
  'D:/git_projects/DBProject113b/build/CMakeFiles/3.13.1/CMakeDetermineCompilerABI_CXX.bin'


